2024-04-25 02:16:11,323 INFO  [Log] ****************           -S-T-A-R-T-start Login Testcase       **************** 
2024-04-25 02:16:11,329 INFO  [Log] Successfully entered the usernameraje@vish.com 
2024-04-25 02:16:11,959 WARN  [Log] Please enter the correct password 
2024-04-25 02:31:01,244 INFO  [Log] ****************           -S-T-A-R-T-start Login Testcase       **************** 
2024-04-25 02:31:01,249 INFO  [Log] Successfully entered the usernameraje@vish.com 
2024-04-25 02:42:38,261 INFO  [Log] ****************           -S-T-A-R-T-start Login Testcase       **************** 
2024-04-25 02:42:38,270 INFO  [Log] Successfully entered the usernameraje@vish.com 
2024-04-25 02:42:41,785 INFO  [Log] ****************           -S-T-A-R-T-start Login Testcase       **************** 
2024-04-25 02:42:41,786 INFO  [Log] Successfully entered the usernameraje@vish.com 
2024-04-25 02:42:42,284 WARN  [Log] Please enter the correct password 
2024-04-25 02:42:54,263 WARN  [Log] Please enter the correct password 
2024-04-25 02:42:55,235 INFO  [Log] ***************             -E---N---D-Invalid Testcases         *************** 
2024-04-25 03:40:20,812 INFO  [Log] ****************           -S-T-A-R-T-start Login Testcase       **************** 
2024-04-25 03:40:20,818 INFO  [Log] Successfully entered the usernameraje@vish.com 
2024-04-25 03:40:28,917 INFO  [Log] ****************           -S-T-A-R-T-start Login Testcase       **************** 
2024-04-25 03:40:28,917 INFO  [Log] Successfully entered the usernameraje@vish.com 
2024-04-25 03:40:30,587 WARN  [Log] Please enter the correct password 
2024-04-25 03:40:51,485 WARN  [Log] Please enter the correct password 
2024-04-25 03:40:51,945 INFO  [Log] ***************             -E---N---D-Invalid Testcases         *************** 
2024-04-25 11:33:05,414 INFO  [Log] Successfully entered the usernameraje@vish.com 
2024-04-25 11:35:50,043 INFO  [Log] Successfully entered the usernameraje@vish.com 
2024-04-25 11:35:56,623 INFO  [Log] Successfully logout of the profileraje@vish.com 
2024-04-25 11:38:55,793 INFO  [Log] Successfully entered the usernameraje@vish.com 
2024-04-25 11:38:59,672 INFO  [Log] Successfully logout of the profileraje@vish.com 
2024-04-25 11:43:32,115 INFO  [Log] Successfully entered the usernameraje@vish.com 
2024-04-25 11:43:36,445 INFO  [Log] Successfully logout of the profileraje@vish.com 
2024-04-26 15:14:58,175 INFO  [Log] Successfully entered the usernameraje@vish.com 
2024-04-26 15:17:23,900 INFO  [Log] Successfully entered the usernameraje@vish.com 
2024-04-26 16:25:59,951 INFO  [Log] Successfully entered the usernameraje@vish.com 
2024-04-26 16:29:45,435 INFO  [Log] Successfully entered the usernameraje@vish.com 
2024-04-26 16:46:53,752 INFO  [Log] Successfully entered the usernameraje@vish.com 
2024-04-26 16:53:14,079 INFO  [Log] Successfully entered the usernameraje@vish.com 
2024-04-26 16:58:22,969 INFO  [Log] Successfully entered the usernameraje@vish.com 
2024-04-26 17:00:52,049 INFO  [Log] Successfully entered the usernameraje@vish.com 
2024-04-26 17:03:23,456 INFO  [Log] Successfully entered the usernameraje@vish.com 
2024-04-26 17:42:38,900 INFO  [Log] Successfully entered the usernameraje@vish.com 
2024-04-26 18:02:20,952 INFO  [Log] Successfully entered the usernameraje@vish.com 
2024-04-26 18:07:05,383 INFO  [Log] Successfully entered the usernameraje@vish.com 
2024-04-26 18:07:52,690 INFO  [Log] Successfully entered the usernameraje@vish.com 
2024-04-26 18:11:10,451 INFO  [Log] Successfully entered the usernameraje@vish.com 
2024-04-26 18:18:36,699 INFO  [Log] Successfully entered the usernameraje@vish.com 
2024-04-26 18:32:20,846 INFO  [Log] Successfully entered the usernameraje@vish.com 
2024-04-26 18:39:32,874 INFO  [Log] Successfully entered the usernameraje@vish.com 
2024-04-26 18:43:11,960 INFO  [Log] Successfully entered the usernameraje@vish.com 
2024-04-26 18:44:22,488 INFO  [Log] Successfully entered the usernameraje@vish.com 
2024-04-26 18:48:53,162 INFO  [Log] Successfully entered the usernameraje@vish.com 
2024-04-26 19:02:59,143 INFO  [Log] Successfully entered the usernameraje@vish.com 
2024-04-26 19:09:54,985 INFO  [Log] Successfully entered the usernameraje@vish.com 
2024-04-26 19:10:02,272 INFO  [Log] Successfully logout of the profileraje@vish.com 
2024-04-26 19:10:06,288 INFO  [Log] Successfully entered the usernameraje@vish.com 
2024-04-27 14:51:21,561 INFO  [Log] Successfully entered the usernameraje@vish.com 
2024-04-27 14:53:49,509 INFO  [Log] Successfully entered the usernameraje@vish.com 
2024-04-27 15:00:01,458 INFO  [Log] Successfully entered the usernameraje@vish.com 
2024-04-27 15:06:36,173 INFO  [Log] Successfully entered the usernameraje@vish.com 
2024-04-27 15:07:48,239 INFO  [Log] Successfully entered the usernameraje@vish.com 
2024-04-27 15:10:16,093 INFO  [Log] Successfully entered the usernameraje@vish.com 
2024-04-27 15:12:25,319 INFO  [Log] Successfully entered the usernameraje@vish.com 
2024-04-27 15:15:09,172 INFO  [Log] Successfully entered the usernameraje@vish.com 
2024-04-27 18:42:40,099 INFO  [Log] Successfully entered the usernameraje@vish.com 
2024-04-27 18:45:10,899 INFO  [Log] Successfully entered the usernameraje@vish.com 
2024-04-27 18:46:48,198 INFO  [Log] Successfully entered the usernameraje@vish.com 
2024-04-27 18:59:38,078 INFO  [Log] Successfully entered the usernameraje@vish.com 
2024-04-27 19:19:29,401 INFO  [Log] Successfully entered the usernameraje@vish.com 
2024-04-27 19:37:39,881 INFO  [Log] Successfully entered the usernameraje@vish.com 
2024-04-27 19:41:35,081 INFO  [Log] Successfully entered the usernameraje@vish.com 
2024-04-27 19:42:29,921 INFO  [Log] Successfully entered the usernameraje@vish.com 
2024-04-27 19:50:38,968 INFO  [Log] Successfully entered the usernameraje@vish.com 
2024-04-27 19:53:59,655 INFO  [Log] Successfully entered the usernameraje@vish.com 
2024-04-27 19:59:32,019 INFO  [Log] Successfully entered the usernameraje@vish.com 
2024-04-27 20:00:26,014 INFO  [Log] Successfully entered the usernameraje@vish.com 
2024-04-27 20:02:24,088 INFO  [Log] Successfully entered the usernameraje@vish.com 
2024-04-27 20:09:19,214 INFO  [Log] Successfully entered the usernameraje@vish.com 
2024-04-27 20:11:16,468 INFO  [Log] Successfully entered the usernameraje@vish.com 
2024-04-27 20:57:13,536 INFO  [Log] Successfully entered the usernameraje@vish.com 
2024-04-27 20:58:19,816 INFO  [Log] Successfully entered the usernameraje@vish.com 
2024-04-27 21:00:17,415 INFO  [Log] Successfully entered the usernameraje@vish.com 
2024-04-27 21:42:39,188 INFO  [Log] Successfully entered the usernameraje@vish.com 
2024-04-27 21:42:45,598 INFO  [Log] Log in to Home 
2024-04-27 21:46:12,779 INFO  [Log] Successfully entered the usernameraje@vish.com 
2024-04-27 21:46:18,173 INFO  [Log] Log in to Home 
2024-04-27 21:49:51,263 INFO  [Log] Successfully entered the usernameraje@vish.com 
2024-04-27 21:49:57,257 INFO  [Log] Log in to Home 
2024-04-27 21:58:21,326 INFO  [Log] Successfully entered the usernameraje@vish.com 
2024-04-27 21:58:26,975 INFO  [Log] Log in to Home 
2024-04-27 22:02:04,070 INFO  [Log] Successfully entered the usernameraje@vish.com 
2024-04-27 22:02:09,189 INFO  [Log] Log in to Home 
2024-04-27 22:04:47,130 INFO  [Log] Successfully entered the usernameraje@vish.com 
2024-04-27 22:04:52,650 INFO  [Log] Log in to Home 
2024-04-27 22:05:35,842 INFO  [Log] Successfully entered the usernameraje@vish.com 
2024-04-27 22:05:40,887 INFO  [Log] Log in to Home 
2024-04-27 22:07:45,930 INFO  [Log] Successfully entered the usernameraje@vish.com 
2024-04-27 22:07:48,580 INFO  [Log] Log in to Home 
2024-04-27 22:08:30,859 INFO  [Log] Successfully entered the usernameraje@vish.com 
2024-04-27 22:08:36,744 INFO  [Log] Log in to Home 
2024-04-27 22:14:27,705 INFO  [Log] Successfully entered the usernameraje@vish.com 
2024-04-27 22:14:33,276 INFO  [Log] Log in to Home 
2024-04-27 22:20:28,394 INFO  [Log] Successfully entered the usernameraje@vish.com 
2024-04-27 22:20:34,894 INFO  [Log] Log in to Home 
2024-04-27 22:20:41,996 INFO  [Log] ***************             -E---N---D-Testcase 11:Account passed         *************** 
2024-04-27 22:41:24,947 INFO  [Log] Successfully entered the usernameraje@vish.com 
2024-04-27 22:41:31,082 INFO  [Log] Log in to Home 
2024-04-28 12:02:24,096 INFO  [Log] Successfully entered the usernameraje@vish.com 
2024-04-28 12:02:29,613 INFO  [Log] Log in to Home 
2024-04-28 12:04:24,157 INFO  [Log] Successfully entered the usernameraje@vish.com 
2024-04-28 12:04:30,630 INFO  [Log] Log in to Home 
2024-04-28 12:05:36,159 INFO  [Log] Successfully entered the usernameraje@vish.com 
2024-04-28 12:05:41,663 INFO  [Log] Log in to Home 
2024-04-28 12:07:22,995 INFO  [Log] Successfully entered the usernameraje@vish.com 
2024-04-28 12:07:28,457 INFO  [Log] Log in to Home 
2024-04-28 12:09:38,414 INFO  [Log] Successfully entered the usernameraje@vish.com 
2024-04-28 12:09:45,019 INFO  [Log] Log in to Home 
2024-04-28 12:13:07,758 INFO  [Log] Successfully entered the usernameraje@vish.com 
2024-04-28 12:13:13,113 INFO  [Log] Log in to Home 
2024-04-28 12:18:12,114 INFO  [Log] Successfully entered the usernameraje@vish.com 
2024-04-28 12:18:15,521 INFO  [Log] Log in to Home 
2024-04-28 12:19:31,997 INFO  [Log] Successfully entered the usernameraje@vish.com 
2024-04-28 12:19:37,425 INFO  [Log] Log in to Home 
2024-04-28 12:21:20,782 INFO  [Log] Successfully entered the usernameraje@vish.com 
2024-04-28 12:21:27,175 INFO  [Log] Log in to Home 
2024-04-28 12:23:06,562 INFO  [Log] Successfully entered the usernameraje@vish.com 
2024-04-28 12:23:13,177 INFO  [Log] Log in to Home 
2024-04-28 12:23:58,042 INFO  [Log] Successfully entered the usernameraje@vish.com 
2024-04-28 12:24:05,071 INFO  [Log] Log in to Home 
2024-04-28 12:25:35,811 INFO  [Log] Successfully entered the usernameraje@vish.com 
2024-04-28 12:25:41,569 INFO  [Log] Log in to Home 
2024-04-28 12:26:48,261 INFO  [Log] Successfully entered the usernameraje@vish.com 
2024-04-28 12:26:54,109 INFO  [Log] Log in to Home 
2024-04-28 12:27:59,446 INFO  [Log] Successfully entered the usernameraje@vish.com 
2024-04-28 12:28:04,558 INFO  [Log] Log in to Home 
2024-04-28 12:30:22,365 INFO  [Log] Successfully entered the usernameraje@vish.com 
2024-04-28 12:30:28,577 INFO  [Log] Log in to Home 
2024-04-28 12:34:27,840 INFO  [Log] Successfully entered the usernameraje@vish.com 
2024-04-28 12:34:33,548 INFO  [Log] Log in to Home 
2024-04-28 12:36:23,401 INFO  [Log] Successfully entered the usernameraje@vish.com 
2024-04-28 12:36:26,631 INFO  [Log] Log in to Home 
2024-04-28 12:36:47,144 INFO  [Log] Successfully entered the usernameraje@vish.com 
2024-04-28 12:36:53,439 INFO  [Log] Log in to Home 
2024-04-28 12:38:19,104 INFO  [Log] Successfully entered the usernameraje@vish.com 
2024-04-28 12:38:24,745 INFO  [Log] Log in to Home 
2024-04-28 12:40:26,882 INFO  [Log] Successfully entered the usernameraje@vish.com 
2024-04-28 12:40:33,552 INFO  [Log] Log in to Home 
2024-04-28 15:03:28,508 INFO  [Log] ****************           -S-T-A-R-T-start Login Testcase       **************** 
2024-04-28 15:03:28,516 INFO  [Log] Successfully entered the usernameraje@vish.com 
2024-04-28 15:04:17,853 INFO  [Log] ****************           -S-T-A-R-T-start Login Testcase       **************** 
2024-04-28 15:04:17,858 INFO  [Log] Successfully entered the usernameraje@vish.com 
2024-04-28 15:04:18,912 WARN  [Log] Please enter the correct password 
2024-04-28 18:51:10,524 INFO  [Log] Successfully entered the usernameraje@vish.com 
2024-04-28 18:51:16,868 INFO  [Log] Log in to Home 
2024-04-28 18:55:01,910 INFO  [Log] Successfully entered the usernameraje@vish.com 
2024-04-28 18:55:05,155 INFO  [Log] Log in to Home 
2024-04-28 18:57:23,211 INFO  [Log] Successfully entered the usernameraje@vish.com 
2024-04-28 18:57:27,377 INFO  [Log] Log in to Home 
2024-04-28 18:58:45,102 INFO  [Log] Successfully entered the usernameraje@vish.com 
2024-04-28 18:58:50,671 INFO  [Log] Log in to Home 
2024-04-28 19:05:06,966 INFO  [Log] Successfully entered the usernameraje@vish.com 
2024-04-28 19:05:13,821 INFO  [Log] Log in to Home 
2024-04-28 19:09:06,262 INFO  [Log] Successfully entered the usernameraje@vish.com 
2024-04-28 19:09:13,104 INFO  [Log] Log in to Home 
2024-04-28 19:13:24,989 INFO  [Log] Successfully entered the usernameraje@vish.com 
2024-04-28 19:13:31,794 INFO  [Log] Log in to Home 
2024-04-28 19:14:46,570 INFO  [Log] Successfully entered the usernameraje@vish.com 
2024-04-28 19:14:52,063 INFO  [Log] Log in to Home 
2024-04-28 19:22:57,319 INFO  [Log] Successfully entered the usernameraje@vish.com 
2024-04-28 19:23:02,834 INFO  [Log] Log in to Home 
2024-04-28 19:29:02,665 INFO  [Log] Successfully entered the usernameraje@vish.com 
2024-04-28 19:29:09,129 INFO  [Log] Log in to Home 
2024-04-28 19:30:44,989 INFO  [Log] Successfully entered the usernameraje@vish.com 
2024-04-28 19:30:51,842 INFO  [Log] Log in to Home 
2024-04-28 19:31:45,930 INFO  [Log] Successfully entered the usernameraje@vish.com 
2024-04-28 19:31:54,652 INFO  [Log] Log in to Home 
2024-04-28 19:33:37,023 INFO  [Log] Successfully entered the usernameraje@vish.com 
2024-04-28 19:33:42,369 INFO  [Log] Log in to Home 
2024-04-28 19:35:16,958 INFO  [Log] Successfully entered the usernameraje@vish.com 
2024-04-28 19:35:22,757 INFO  [Log] Log in to Home 
2024-04-28 19:37:42,195 INFO  [Log] Successfully entered the usernameraje@vish.com 
2024-04-28 19:37:48,314 INFO  [Log] Log in to Home 
2024-04-28 19:39:50,966 INFO  [Log] Successfully entered the usernameraje@vish.com 
2024-04-28 19:39:54,772 INFO  [Log] Log in to Home 
2024-04-28 19:49:28,592 INFO  [Log] Successfully entered the usernameraje@vish.com 
2024-04-28 19:49:35,579 INFO  [Log] Log in to Home 
2024-04-28 19:50:26,158 INFO  [Log] Successfully entered the usernameraje@vish.com 
2024-04-28 19:50:31,694 INFO  [Log] Log in to Home 
2024-04-28 19:51:31,540 INFO  [Log] Successfully entered the usernameraje@vish.com 
2024-04-28 19:51:37,535 INFO  [Log] Log in to Home 
2024-04-28 19:53:51,142 INFO  [Log] Successfully entered the usernameraje@vish.com 
2024-04-28 19:53:57,714 INFO  [Log] Log in to Home 
2024-04-28 19:54:37,859 INFO  [Log] Successfully entered the usernameraje@vish.com 
2024-04-28 19:54:44,213 INFO  [Log] Log in to Home 
2024-04-28 19:56:31,457 INFO  [Log] Successfully entered the usernameraje@vish.com 
2024-04-28 19:56:37,325 INFO  [Log] Log in to Home 
2024-04-28 19:57:16,762 INFO  [Log] Successfully entered the usernameraje@vish.com 
2024-04-28 19:57:22,639 INFO  [Log] Log in to Home 
2024-04-28 19:59:02,818 INFO  [Log] Successfully entered the usernameraje@vish.com 
2024-04-28 19:59:09,006 INFO  [Log] Log in to Home 
2024-04-28 20:04:15,602 INFO  [Log] Successfully entered the usernameraje@vish.com 
2024-04-28 20:04:21,163 INFO  [Log] Log in to Home 
2024-04-28 20:14:37,504 INFO  [Log] Successfully entered the usernameraje@vish.com 
2024-04-28 20:14:43,687 INFO  [Log] Log in to Home 
2024-04-28 20:20:18,694 INFO  [Log] Successfully entered the usernameraje@vish.com 
2024-04-28 20:20:24,731 INFO  [Log] Log in to Home 
2024-04-28 20:28:14,113 INFO  [Log] Successfully entered the usernameraje@vish.com 
2024-04-28 20:28:20,413 INFO  [Log] Log in to Home 
2024-04-28 20:29:02,837 INFO  [Log] Successfully entered the usernameraje@vish.com 
2024-04-28 20:29:09,564 INFO  [Log] Log in to Home 
2024-04-28 20:31:59,712 INFO  [Log] Successfully entered the usernameraje@vish.com 
2024-04-28 20:32:05,486 INFO  [Log] Log in to Home 
2024-04-28 23:48:43,995 INFO  [Log] Successfully entered the usernameraje@vish.com 
2024-04-28 23:48:49,565 INFO  [Log] Log in to Home 
2024-04-28 23:52:21,494 INFO  [Log] Successfully entered the usernameraje@vish.com 
2024-04-28 23:52:26,272 INFO  [Log] Log in to Home 
2024-04-28 23:52:31,484 INFO  [Log] Accountreport testcase passed 
2024-04-28 23:57:24,743 INFO  [Log] Successfully entered the usernameraje@vish.com 
2024-04-28 23:57:31,135 INFO  [Log] Log in to Home 
2024-04-28 23:57:36,916 INFO  [Log] Accountreport testcase passed 
2024-04-28 23:58:13,962 INFO  [Log] Successfully entered the usernameraje@vish.com 
2024-04-28 23:58:20,257 INFO  [Log] Log in to Home 
2024-04-28 23:58:25,741 INFO  [Log] Accountreport testcase passed 
2024-04-28 23:59:37,500 INFO  [Log] Successfully entered the usernameraje@vish.com 
2024-04-28 23:59:42,451 INFO  [Log] Log in to Home 
2024-04-29 00:01:51,615 INFO  [Log] Successfully entered the usernameraje@vish.com 
2024-04-29 00:01:59,696 INFO  [Log] Log in to Home 
2024-04-29 00:04:16,153 INFO  [Log] Successfully entered the usernameraje@vish.com 
2024-04-29 00:04:21,854 INFO  [Log] Log in to Home 
2024-04-29 00:06:51,660 INFO  [Log] Successfully entered the usernameraje@vish.com 
2024-04-29 00:06:57,770 INFO  [Log] Log in to Home 
2024-04-29 00:07:03,672 INFO  [Log] Accountreport testcase passed 
2024-04-29 00:12:31,870 INFO  [Log] Successfully entered the usernameraje@vish.com 
2024-04-29 00:12:35,843 INFO  [Log] Log in to Home 
2024-04-29 00:14:27,160 INFO  [Log] Successfully entered the usernameraje@vish.com 
2024-04-29 00:14:32,560 INFO  [Log] Log in to Home 
2024-04-29 00:16:02,993 INFO  [Log] Successfully entered the usernameraje@vish.com 
2024-04-29 00:16:08,647 INFO  [Log] Log in to Home 
2024-04-29 00:18:21,429 INFO  [Log] Successfully entered the usernameraje@vish.com 
2024-04-29 00:18:28,021 INFO  [Log] Log in to Home 
2024-04-29 00:20:23,696 INFO  [Log] Successfully entered the usernameraje@vish.com 
2024-04-29 00:20:28,277 INFO  [Log] Log in to Home 
2024-04-29 00:20:33,458 INFO  [Log] Accountreport testcase passed 
2024-04-29 00:26:39,961 INFO  [Log] Successfully entered the usernameraje@vish.com 
2024-04-29 00:26:45,250 INFO  [Log] Log in to Home 
2024-04-29 00:26:52,649 INFO  [Log] Accountreport testcase passed 
2024-04-29 00:46:26,532 INFO  [Log] Successfully entered the usernameraje@vish.com 
2024-04-29 00:46:31,695 INFO  [Log] Log in to Home 
2024-04-29 00:48:32,010 INFO  [Log] Successfully entered the usernameraje@vish.com 
2024-04-29 00:48:37,267 INFO  [Log] Log in to Home 
2024-04-29 00:50:26,620 INFO  [Log] Successfully entered the usernameraje@vish.com 
2024-04-29 00:50:32,284 INFO  [Log] Log in to Home 
2024-04-29 00:53:47,118 INFO  [Log] Successfully entered the usernameraje@vish.com 
2024-04-29 00:53:50,816 INFO  [Log] Log in to Home 
2024-04-29 00:55:46,861 INFO  [Log] Successfully entered the usernameraje@vish.com 
2024-04-29 00:55:51,621 INFO  [Log] Log in to Home 
2024-04-29 01:22:15,507 INFO  [Log] Successfully entered the usernameraje@vish.com 
2024-04-29 01:22:22,295 INFO  [Log] Log in to Home 
2024-04-29 01:39:34,726 INFO  [Log] Successfully entered the usernameraje@vish.com 
2024-04-29 01:39:40,292 INFO  [Log] Log in to Home 
2024-04-29 09:10:04,125 INFO  [Log] Successfully entered the usernameraje@vish.com 
2024-04-29 09:10:10,638 INFO  [Log] Log in to Home 
2024-04-29 09:32:08,150 INFO  [Log] Successfully entered the usernameraje@vish.com 
2024-04-29 09:32:14,205 INFO  [Log] Log in to Home 
2024-04-29 09:34:11,231 INFO  [Log] Successfully entered the usernameraje@vish.com 
2024-04-29 09:34:17,320 INFO  [Log] Log in to Home 
2024-04-29 09:52:18,255 INFO  [Log] Successfully entered the usernameraje@vish.com 
2024-04-29 09:53:08,823 INFO  [Log] Successfully entered the usernameraje@vish.com 
2024-04-29 09:53:44,216 INFO  [Log] Successfully entered the usernameraje@vish.com 
2024-04-29 09:53:50,131 INFO  [Log] Log in to Home 
2024-04-29 09:55:00,842 INFO  [Log] Successfully entered the usernameraje@vish.com 
2024-04-29 09:58:16,825 INFO  [Log] Successfully entered the usernameraje@vish.com 
2024-04-29 09:58:27,160 INFO  [Log] Leads Testcase Passed 
2024-04-30 08:25:13,786 INFO  [Log] Successfully entered the usernameraje@vish.com 
2024-04-30 08:29:47,708 INFO  [Log] Successfully entered the usernameraje@vish.com 
2024-04-30 08:34:46,934 INFO  [Log] Successfully entered the usernameraje@vish.com 
2024-04-30 08:38:37,251 INFO  [Log] Successfully entered the usernameraje@vish.com 
2024-04-30 08:45:30,696 INFO  [Log] Successfully entered the usernameraje@vish.com 
2024-04-30 08:47:05,577 INFO  [Log] Successfully entered the usernameraje@vish.com 
2024-04-30 08:50:42,809 INFO  [Log] Successfully entered the usernameraje@vish.com 
2024-04-30 08:54:37,630 INFO  [Log] Successfully entered the usernameraje@vish.com 
2024-04-30 10:03:36,670 INFO  [Log] Successfully entered the usernameraje@vish.com 
2024-04-30 10:06:02,450 INFO  [Log] Successfully entered the usernameraje@vish.com 
2024-04-30 10:08:18,761 INFO  [Log] Successfully entered the usernameraje@vish.com 
2024-04-30 10:24:43,732 INFO  [Log] Successfully entered the usernameraje@vish.com 
2024-04-30 10:41:15,273 INFO  [Log] Successfully entered the usernameraje@vish.com 
2024-04-30 10:43:55,077 INFO  [Log] Successfully entered the usernameraje@vish.com 
2024-04-30 11:02:57,132 INFO  [Log] Successfully entered the usernameraje@vish.com 
2024-04-30 11:04:43,795 INFO  [Log] Successfully entered the usernameraje@vish.com 
2024-04-30 14:36:34,868 INFO  [Log] Successfully entered the usernameraje@vish.com 
2024-04-30 14:37:42,491 INFO  [Log] Successfully entered the usernameraje@vish.com 
2024-04-30 14:39:40,568 INFO  [Log] Successfully entered the usernameraje@vish.com 
2024-04-30 14:41:46,767 INFO  [Log] Successfully entered the usernameraje@vish.com 
2024-04-30 14:43:17,231 INFO  [Log] Successfully entered the usernameraje@vish.com 
2024-04-30 14:45:26,107 INFO  [Log] Successfully entered the usernameraje@vish.com 
2024-04-30 14:46:20,057 INFO  [Log] Successfully entered the usernameraje@vish.com 
2024-04-30 14:47:21,570 INFO  [Log] Successfully entered the usernameraje@vish.com 
2024-04-30 14:48:29,182 INFO  [Log] Successfully entered the usernameraje@vish.com 
2024-04-30 15:23:36,727 INFO  [Log] Successfully entered the usernameraje@vish.com 
2024-04-30 15:25:31,749 INFO  [Log] Successfully entered the usernameraje@vish.com 
2024-04-30 15:26:36,431 INFO  [Log] Successfully entered the usernameraje@vish.com 
2024-04-30 15:28:03,469 INFO  [Log] Successfully entered the usernameraje@vish.com 
2024-04-30 15:29:31,260 INFO  [Log] Successfully entered the usernameraje@vish.com 
2024-04-30 15:30:57,442 INFO  [Log] Successfully entered the usernameraje@vish.com 
2024-04-30 17:31:44,123 INFO  [Log] Successfully entered the usernameraje@vish.com 
2024-04-30 17:33:38,633 INFO  [Log] Successfully entered the usernameraje@vish.com 
2024-04-30 17:38:27,426 INFO  [Log] Successfully entered the usernameraje@vish.com 
2024-04-30 17:41:04,954 INFO  [Log] Successfully entered the usernameraje@vish.com 
2024-04-30 17:42:24,567 INFO  [Log] Successfully entered the usernameraje@vish.com 
2024-04-30 17:44:27,186 INFO  [Log] Successfully entered the usernameraje@vish.com 
2024-04-30 17:47:50,555 INFO  [Log] Successfully entered the usernameraje@vish.com 
2024-04-30 19:02:24,416 INFO  [Log] Successfully entered the usernameraje@vish.com 
2024-04-30 19:05:46,600 INFO  [Log] Successfully entered the usernameraje@vish.com 
2024-04-30 19:07:01,891 INFO  [Log] Successfully entered the usernameraje@vish.com 
2024-04-30 19:11:23,073 INFO  [Log] Successfully entered the usernameraje@vish.com 
2024-04-30 19:14:09,019 INFO  [Log] Successfully entered the usernameraje@vish.com 
2024-04-30 19:21:09,301 INFO  [Log] Successfully entered the usernameraje@vish.com 
2024-04-30 19:27:28,074 INFO  [Log] Successfully entered the usernameraje@vish.com 
2024-04-30 19:29:16,637 INFO  [Log] Successfully entered the usernameraje@vish.com 
2024-04-30 19:33:43,556 INFO  [Log] Successfully entered the usernameraje@vish.com 
2024-04-30 19:37:11,884 INFO  [Log] Successfully entered the usernameraje@vish.com 
2024-04-30 19:39:53,538 INFO  [Log] Successfully entered the usernameraje@vish.com 
2024-04-30 19:42:24,488 INFO  [Log] Successfully entered the usernameraje@vish.com 
2024-04-30 19:43:39,201 INFO  [Log] Successfully entered the usernameraje@vish.com 
2024-04-30 19:47:38,803 INFO  [Log] Successfully entered the usernameraje@vish.com 
2024-04-30 19:50:14,524 INFO  [Log] Successfully entered the usernameraje@vish.com 
2024-04-30 19:52:19,899 INFO  [Log] Successfully entered the usernameraje@vish.com 
2024-04-30 19:54:25,231 INFO  [Log] Successfully entered the usernameraje@vish.com 
2024-04-30 19:56:12,653 INFO  [Log] Successfully entered the usernameraje@vish.com 
2024-04-30 20:02:06,675 INFO  [Log] Successfully entered the usernameraje@vish.com 
2024-04-30 20:03:12,456 INFO  [Log] Successfully entered the usernameraje@vish.com 
2024-04-30 21:33:57,677 INFO  [Log] Successfully entered the usernameraje@vish.com 
2024-04-30 21:40:03,686 INFO  [Log] Successfully entered the usernameraje@vish.com 
2024-04-30 21:44:41,548 INFO  [Log] Successfully entered the usernameraje@vish.com 
2024-04-30 21:47:30,516 INFO  [Log] Successfully entered the usernameraje@vish.com 
2024-04-30 21:50:53,959 INFO  [Log] Successfully entered the usernameraje@vish.com 
2024-04-30 21:54:10,499 INFO  [Log] Successfully entered the usernameraje@vish.com 
2024-05-01 09:44:44,274 INFO  [Log] Successfully entered the usernameraje@vish.com 
2024-05-01 09:48:35,425 INFO  [Log] Successfully entered the usernameraje@vish.com 
2024-05-01 09:49:49,699 INFO  [Log] Successfully entered the usernameraje@vish.com 
2024-05-01 09:51:46,329 INFO  [Log] Successfully entered the usernameraje@vish.com 
2024-05-01 09:53:30,059 INFO  [Log] Successfully entered the usernameraje@vish.com 
2024-05-01 09:58:01,350 INFO  [Log] Successfully entered the usernameraje@vish.com 
2024-05-01 09:58:49,840 INFO  [Log] Successfully entered the usernameraje@vish.com 
2024-05-01 10:06:58,237 INFO  [Log] Successfully entered the usernameraje@vish.com 
2024-05-01 10:16:15,726 INFO  [Log] Successfully entered the usernameraje@vish.com 
2024-05-01 17:47:04,882 INFO  [Log] Successfully entered the usernameraje@vish.com 
2024-05-01 17:50:41,410 INFO  [Log] Successfully entered the usernameraje@vish.com 
2024-05-01 17:51:28,928 INFO  [Log] Successfully entered the usernameraje@vish.com 
2024-05-02 09:36:40,491 INFO  [Log] Successfully entered the usernameraje@vish.com 
2024-05-02 09:36:53,863 INFO  [Log] Maximize broser 
2024-05-02 09:36:54,228 INFO  [Log] Successfully entered the usernameraje@vish.com 
2024-05-02 09:47:30,379 INFO  [Log] Successfully entered the usernameraje@vish.com 
2024-05-02 09:53:52,632 INFO  [Log] Successfully entered the usernameraje@vish.com 
2024-05-02 10:02:59,850 INFO  [Log] Successfully entered the usernameraje@vish.com 
2024-05-02 10:23:41,484 INFO  [Log] Successfully entered the usernameraje@vish.com 
2024-05-02 10:25:09,003 INFO  [Log] Successfully entered the usernameraje@vish.com 
2024-05-02 10:27:30,103 INFO  [Log] Successfully entered the usernameraje@vish.com 
2024-05-02 10:30:40,384 INFO  [Log] Successfully entered the usernameraje@vish.com 
2024-05-02 10:32:35,453 INFO  [Log] Successfully entered the usernameraje@vish.com 
2024-05-07 23:43:31,441 INFO  [Log] Successfully entered the usernameraje@vish.com 
2024-05-07 23:45:11,834 INFO  [Log] Successfully entered the usernameraje@vish.com 
2024-05-07 23:49:17,916 INFO  [Log] Successfully entered the usernameraje@vish.com 
2024-05-08 00:28:06,533 INFO  [Log] Successfully entered the usernameraje@vish.com 
2024-05-08 00:28:12,318 INFO  [Log] Log in to Home 
2024-05-08 00:29:29,004 INFO  [Log] Successfully entered the usernameraje@vish.com 
2024-05-08 00:29:34,466 INFO  [Log] Log in to Home 
2024-05-08 00:33:45,455 INFO  [Log] Successfully entered the usernameraje@vish.com 
2024-05-08 00:33:51,373 INFO  [Log] Log in to Home 
2024-05-08 00:43:24,842 INFO  [Log] Successfully entered the usernameraje@vish.com 
2024-05-08 00:43:30,004 INFO  [Log] Log in to Home 
